<?xml version="1.0" encoding="UTF-8"?>
<!-- Generated by org.testng.reporters.JUnitXMLReporter -->
<testsuite hostname="DESKTOP-LI1K35D" failures="0" tests="4" name="Test" time="138.165" errors="0" timestamp="4 Jul 2021 07:44:36 GMT">
  <testcase classname="EtoE.ValidateTitle" name="basePageNavigation" time="1.413"/>
  <testcase classname="EtoE.HomePage" name="basePageNavigation" time="33.261"/>
  <testcase classname="EtoE.HomePage" name="basePageNavigation" time="55.883"/>
  <testcase classname="EtoE.ValidateNavigationBar" name="basePageNavigation" time="0.337"/>
</testsuite> <!-- Test -->
